f:\fifthcontroller\qrcode\qrcode\debug\qrcode.pch
f:\fifthcontroller\qrcode\qrcode\debug\vc140.pdb
f:\fifthcontroller\qrcode\qrcode\debug\vc140.idb
f:\fifthcontroller\qrcode\qrcode\debug\stdafx.obj
f:\fifthcontroller\qrcode\qrcode\debug\qrcode.obj
f:\fifthcontroller\qrcode\qrcode\debug\qrcodedlg.obj
f:\fifthcontroller\qrcode\qrcode\debug\qrcode.res
f:\fifthcontroller\qrcode\debug\qrcode.pdb
f:\fifthcontroller\qrcode\qrcode\debug\qrcode.tlog\cl.command.1.tlog
f:\fifthcontroller\qrcode\qrcode\debug\qrcode.tlog\cl.read.1.tlog
f:\fifthcontroller\qrcode\qrcode\debug\qrcode.tlog\cl.write.1.tlog
f:\fifthcontroller\qrcode\qrcode\debug\qrcode.tlog\link-cvtres.read.1.tlog
f:\fifthcontroller\qrcode\qrcode\debug\qrcode.tlog\link-cvtres.write.1.tlog
f:\fifthcontroller\qrcode\qrcode\debug\qrcode.tlog\link-mt.read.1.tlog
f:\fifthcontroller\qrcode\qrcode\debug\qrcode.tlog\link-mt.write.1.tlog
f:\fifthcontroller\qrcode\qrcode\debug\qrcode.tlog\link-rc.read.1.tlog
f:\fifthcontroller\qrcode\qrcode\debug\qrcode.tlog\link-rc.write.1.tlog
f:\fifthcontroller\qrcode\qrcode\debug\qrcode.tlog\link.5484-cvtres.read.1.tlog
f:\fifthcontroller\qrcode\qrcode\debug\qrcode.tlog\link.5484-cvtres.write.1.tlog
f:\fifthcontroller\qrcode\qrcode\debug\qrcode.tlog\link.5484-mt.read.1.tlog
f:\fifthcontroller\qrcode\qrcode\debug\qrcode.tlog\link.5484-mt.write.1.tlog
f:\fifthcontroller\qrcode\qrcode\debug\qrcode.tlog\link.5484-rc.read.1.tlog
f:\fifthcontroller\qrcode\qrcode\debug\qrcode.tlog\link.5484-rc.write.1.tlog
f:\fifthcontroller\qrcode\qrcode\debug\qrcode.tlog\link.5484.read.1.tlog
f:\fifthcontroller\qrcode\qrcode\debug\qrcode.tlog\link.5484.write.1.tlog
f:\fifthcontroller\qrcode\qrcode\debug\qrcode.tlog\link.command.1.tlog
f:\fifthcontroller\qrcode\qrcode\debug\qrcode.tlog\link.read.1.tlog
f:\fifthcontroller\qrcode\qrcode\debug\qrcode.tlog\link.write.1.tlog
f:\fifthcontroller\qrcode\qrcode\debug\qrcode.tlog\rc.command.1.tlog
f:\fifthcontroller\qrcode\qrcode\debug\qrcode.tlog\rc.read.1.tlog
f:\fifthcontroller\qrcode\qrcode\debug\qrcode.tlog\rc.write.1.tlog
