生成启动时间为 2019/3/28 14:58:16。
     1>项目“F:\FifthController\QRcode\QRcode\QRcode.vcxproj”在节点 2 上(Build 个目标)。
     1>ClCompile:
         C:\Program Files (x86)\Microsoft Visual Studio 14.0\VC\bin\CL.exe /c /ZI /nologo /W3 /WX- /sdl /Od /Oy- /D WIN32 /D _WINDOWS /D _DEBUG /D _UNICODE /D UNICODE /D _AFXDLL /Gm /EHsc /RTC1 /MD /GS /fp:precise /Zc:wchar_t /Zc:forScope /Zc:inline /Yc"stdafx.h" /Fp"Debug\QRcode.pch" /Fo"Debug\\" /Fd"Debug\vc140.pdb" /Gd /TP /analyze- /errorReport:prompt stdafx.cpp
         stdafx.cpp
         C:\Program Files (x86)\Microsoft Visual Studio 14.0\VC\bin\CL.exe /c /ZI /nologo /W3 /WX- /sdl /Od /Oy- /D WIN32 /D _WINDOWS /D _DEBUG /D _UNICODE /D UNICODE /D _AFXDLL /Gm /EHsc /RTC1 /MD /GS /fp:precise /Zc:wchar_t /Zc:forScope /Zc:inline /Yu"stdafx.h" /Fp"Debug\QRcode.pch" /Fo"Debug\\" /Fd"Debug\vc140.pdb" /Gd /TP /analyze- /errorReport:prompt QRcode.cpp QRcodeDlg.cpp
         QRcodeDlg.cpp
         QRcode.cpp
         正在生成代码...
       ResourceCompile:
         C:\Program Files (x86)\Windows Kits\8.1\bin\x86\rc.exe /D _DEBUG /D _UNICODE /D UNICODE /D _AFXDLL /l"0x0804" /IDebug\ /nologo /fo"Debug\QRcode.res" QRcode.rc 
       Link:
         C:\Program Files (x86)\Microsoft Visual Studio 14.0\VC\bin\link.exe /ERRORREPORT:PROMPT /OUT:"F:\FifthController\QRcode\Debug\QRcode.exe" /INCREMENTAL /NOLOGO /LIBPATH:F:\FifthController\QRcode\Debug qrencode.lib /MANIFEST /MANIFESTUAC:"level='asInvoker' uiAccess='false'" /manifest:embed /manifestinput:"C:\Program Files (x86)\Microsoft Visual Studio 14.0\VC\Include\Manifest\dpiaware.manifest" /Debug /PDB:"F:\FifthController\QRcode\Debug\QRcode.pdb" /SUBSYSTEM:WINDOWS /TLBID:1 /ENTRY:"wWinMainCRTStartup" /DYNAMICBASE /NXCOMPAT /IMPLIB:"F:\FifthController\QRcode\Debug\QRcode.lib" /MACHINE:X86 Debug\QRcode.res
         Debug\QRcode.obj
         Debug\QRcodeDlg.obj
         Debug\stdafx.obj
     1>LINK : warning LNK4098: 默认库“MSVCRT”与其他库的使用冲突；请使用 /NODEFAULTLIB:library
     1>qrencode.lib(bitstream.obj) : warning LNK4099: 未找到 PDB“vc100.pdb”(使用“qrencode.lib(bitstream.obj)”或在“F:\FifthController\QRcode\Debug\vc100.pdb”中寻找)；正在链接对象，如同没有调试信息一样
     1>qrencode.lib(mask.obj) : warning LNK4099: 未找到 PDB“vc100.pdb”(使用“qrencode.lib(mask.obj)”或在“F:\FifthController\QRcode\Debug\vc100.pdb”中寻找)；正在链接对象，如同没有调试信息一样
     1>qrencode.lib(mmask.obj) : warning LNK4099: 未找到 PDB“vc100.pdb”(使用“qrencode.lib(mmask.obj)”或在“F:\FifthController\QRcode\Debug\vc100.pdb”中寻找)；正在链接对象，如同没有调试信息一样
     1>qrencode.lib(mqrspec.obj) : warning LNK4099: 未找到 PDB“vc100.pdb”(使用“qrencode.lib(mqrspec.obj)”或在“F:\FifthController\QRcode\Debug\vc100.pdb”中寻找)；正在链接对象，如同没有调试信息一样
     1>qrencode.lib(qrencode.obj) : warning LNK4099: 未找到 PDB“vc100.pdb”(使用“qrencode.lib(qrencode.obj)”或在“F:\FifthController\QRcode\Debug\vc100.pdb”中寻找)；正在链接对象，如同没有调试信息一样
     1>qrencode.lib(qrinput.obj) : warning LNK4099: 未找到 PDB“vc100.pdb”(使用“qrencode.lib(qrinput.obj)”或在“F:\FifthController\QRcode\Debug\vc100.pdb”中寻找)；正在链接对象，如同没有调试信息一样
     1>qrencode.lib(qrspec.obj) : warning LNK4099: 未找到 PDB“vc100.pdb”(使用“qrencode.lib(qrspec.obj)”或在“F:\FifthController\QRcode\Debug\vc100.pdb”中寻找)；正在链接对象，如同没有调试信息一样
     1>qrencode.lib(rscode.obj) : warning LNK4099: 未找到 PDB“vc100.pdb”(使用“qrencode.lib(rscode.obj)”或在“F:\FifthController\QRcode\Debug\vc100.pdb”中寻找)；正在链接对象，如同没有调试信息一样
     1>qrencode.lib(split.obj) : warning LNK4099: 未找到 PDB“vc100.pdb”(使用“qrencode.lib(split.obj)”或在“F:\FifthController\QRcode\Debug\vc100.pdb”中寻找)；正在链接对象，如同没有调试信息一样
         QRcode.vcxproj -> F:\FifthController\QRcode\Debug\QRcode.exe
     1>已完成生成项目“F:\FifthController\QRcode\QRcode\QRcode.vcxproj”(Build 个目标)的操作。

已成功生成。

已用时间 00:00:02.54
